{
  "RSpec": {
    "coverage": {
      "/Users/todddrinkwater/workspace/rails_work/hangman/config/environment.rb": [
        null,
        1,
        null,
        null,
        1
      ],
      "/Users/todddrinkwater/workspace/rails_work/hangman/config/application.rb": [
        1,
        null,
        1,
        null,
        1,
        1,
        1,
        1,
        1,
        1,
        1,
        1,
        null,
        null,
        null,
        null,
        1,
        null,
        1,
        1,
        null,
        1,
        null,
        null,
        null,
        null,
        null,
        null,
        1,
        null,
        null
      ],
      "/Users/todddrinkwater/workspace/rails_work/hangman/config/boot.rb": [
        1,
        null,
        1
      ],
      "/Users/todddrinkwater/workspace/rails_work/hangman/config/environments/test.rb": [
        1,
        null,
        null,
        null,
        null,
        null,
        null,
        1,
        null,
        null,
        null,
        null,
        1,
        null,
        null,
        1,
        1,
        null,
        null,
        null,
        null,
        1,
        1,
        null,
        null,
        1,
        null,
        null,
        1,
        1,
        null,
        null,
        null,
        null,
        1,
        null,
        null,
        1,
        null,
        null,
        null,
        null
      ],
      "/Users/todddrinkwater/workspace/rails_work/hangman/config/initializers/application_controller_renderer.rb": [
        null,
        null,
        null,
        null,
        null,
        null,
        null,
        null
      ],
      "/Users/todddrinkwater/workspace/rails_work/hangman/config/initializers/assets.rb": [
        null,
        null,
        null,
        1,
        null,
        null,
        null,
        null,
        1,
        null,
        null,
        null,
        null,
        null
      ],
      "/Users/todddrinkwater/workspace/rails_work/hangman/config/initializers/backtrace_silencers.rb": [
        null,
        null,
        null,
        null,
        null,
        null,
        null
      ],
      "/Users/todddrinkwater/workspace/rails_work/hangman/config/initializers/cookies_serializer.rb": [
        null,
        null,
        null,
        null,
        1
      ],
      "/Users/todddrinkwater/workspace/rails_work/hangman/config/initializers/filter_parameter_logging.rb": [
        null,
        null,
        null,
        1
      ],
      "/Users/todddrinkwater/workspace/rails_work/hangman/config/initializers/inflections.rb": [
        null,
        null,
        null,
        null,
        null,
        null,
        null,
        null,
        null,
        null,
        null,
        null,
        null,
        null,
        null,
        null
      ],
      "/Users/todddrinkwater/workspace/rails_work/hangman/config/initializers/mime_types.rb": [
        null,
        null,
        null,
        null
      ],
      "/Users/todddrinkwater/workspace/rails_work/hangman/config/initializers/wrap_parameters.rb": [
        null,
        null,
        null,
        null,
        null,
        null,
        1,
        2,
        null,
        null,
        null,
        null,
        null,
        null
      ],
      "/Users/todddrinkwater/workspace/rails_work/hangman/config/routes.rb": [
        1,
        null,
        1,
        1,
        null,
        null,
        1,
        null
      ],
      "/Users/todddrinkwater/workspace/rails_work/hangman/app/controllers/games_controller.rb": [
        1,
        null,
        1,
        null,
        null,
        1,
        1,
        null,
        null,
        1,
        3,
        null,
        3,
        2,
        null,
        1,
        null,
        null,
        null,
        1,
        1,
        1,
        null,
        null,
        1,
        null,
        1,
        3,
        null,
        null
      ],
      "/Users/todddrinkwater/workspace/rails_work/hangman/app/controllers/application_controller.rb": [
        1,
        1,
        null,
        null
      ],
      "/Users/todddrinkwater/workspace/rails_work/hangman/app/helpers/application_helper.rb": [
        1,
        null
      ],
      "/Users/todddrinkwater/workspace/rails_work/hangman/app/helpers/game_helper.rb": [
        1,
        1,
        10,
        null,
        null
      ],
      "/Users/todddrinkwater/workspace/rails_work/hangman/app/helpers/guess_helper.rb": [
        1,
        null
      ],
      "/Users/todddrinkwater/workspace/rails_work/hangman/app/helpers/start_helper.rb": [
        1,
        null
      ],
      "/Users/todddrinkwater/workspace/rails_work/hangman/spec/controllers/guesses_controller_spec.rb": [
        1,
        null,
        1,
        5,
        null,
        1,
        2,
        null,
        1,
        1,
        null,
        1,
        null,
        null,
        null,
        1,
        3,
        1,
        null,
        null,
        null,
        3,
        null,
        null,
        4,
        null,
        1,
        1,
        1,
        null,
        1,
        null,
        null,
        1,
        4,
        null,
        null,
        null,
        1,
        2,
        null,
        1,
        1,
        null,
        1,
        null,
        null,
        null,
        null
      ],
      "/Users/todddrinkwater/workspace/rails_work/hangman/app/controllers/guesses_controller.rb": [
        1,
        1,
        1,
        null,
        1,
        null,
        null,
        1,
        3,
        3,
        null,
        3,
        2,
        null,
        1,
        1,
        null,
        null,
        null,
        1,
        null,
        1,
        3,
        null,
        null,
        null,
        null,
        null
      ],
      "/Users/todddrinkwater/workspace/rails_work/hangman/spec/helpers/game_helper_spec.rb": [
        1,
        null,
        null,
        null,
        null,
        null,
        null,
        null,
        null,
        null,
        null,
        null,
        null,
        1,
        1,
        1,
        1,
        null,
        1,
        null,
        null,
        null
      ],
      "/Users/todddrinkwater/workspace/rails_work/hangman/spec/helpers/guess_helper_spec.rb": [
        null,
        null,
        null,
        null,
        null,
        null,
        null,
        null,
        null,
        null,
        null,
        null,
        null,
        null,
        null
      ],
      "/Users/todddrinkwater/workspace/rails_work/hangman/spec/helpers/start_helper_spec.rb": [
        null,
        null,
        null,
        null,
        null,
        null,
        null,
        null,
        null,
        null,
        null,
        null,
        null,
        null,
        null
      ],
      "/Users/todddrinkwater/workspace/rails_work/hangman/spec/models/game_spec.rb": [
        1,
        null,
        1,
        22,
        null,
        19,
        20,
        null,
        1,
        1,
        null,
        1,
        1,
        null,
        null,
        null,
        1,
        2,
        null,
        1,
        1,
        null,
        null,
        null,
        1,
        2,
        null,
        1,
        1,
        null,
        null,
        null,
        1,
        2,
        null,
        1,
        1,
        null,
        null,
        null,
        1,
        2,
        null,
        1,
        1,
        null,
        null,
        null,
        1,
        2,
        null,
        1,
        1,
        null,
        null,
        null,
        null,
        1,
        1,
        8,
        null,
        null,
        1,
        4,
        null,
        null,
        1,
        2,
        null,
        1,
        1,
        null,
        null,
        null,
        1,
        2,
        null,
        1,
        1,
        null,
        null,
        null,
        1,
        3,
        null,
        1,
        6,
        null,
        null,
        1,
        1,
        null,
        null,
        1,
        1,
        null,
        null,
        null,
        null,
        1,
        3,
        3,
        null,
        1,
        2,
        null,
        null,
        1,
        2,
        null,
        1,
        1,
        null,
        null,
        null,
        1,
        2,
        null,
        1,
        1,
        null,
        null,
        null,
        null,
        1,
        3,
        null,
        1,
        1,
        1,
        null,
        null,
        null,
        1,
        2,
        null,
        1,
        1,
        null,
        1,
        null,
        null,
        null,
        1,
        2,
        null,
        1,
        1,
        1,
        null,
        null,
        null,
        null,
        1,
        3,
        null,
        1,
        2,
        null,
        null,
        1,
        2,
        null,
        1,
        1,
        null,
        null,
        null,
        1,
        2,
        null,
        1,
        1,
        null,
        null,
        null,
        null,
        1,
        3,
        null,
        1,
        15,
        null,
        null,
        1,
        1,
        null,
        1,
        1,
        1,
        null,
        null,
        null,
        1,
        1,
        null,
        1,
        1,
        1,
        null,
        null,
        null,
        null,
        1,
        2,
        null,
        1,
        1,
        1,
        null,
        null,
        null,
        1,
        1,
        null,
        1,
        8,
        1,
        null,
        null,
        null,
        null
      ],
      "/Users/todddrinkwater/workspace/rails_work/hangman/app/models/game.rb": [
        1,
        1,
        1,
        1,
        1,
        1,
        null,
        1,
        6,
        null,
        null,
        1,
        4,
        null,
        4,
        null,
        null,
        1,
        8,
        null,
        8,
        null,
        null,
        1,
        2,
        null,
        null,
        1,
        3,
        null,
        null,
        1,
        35,
        null,
        null,
        1,
        30,
        null,
        null,
        1,
        null,
        1,
        28,
        null,
        null,
        null,
        null,
        null,
        null,
        null,
        null,
        null,
        null
      ],
      "/Users/todddrinkwater/workspace/rails_work/hangman/app/models/application_record.rb": [
        1,
        1,
        null
      ],
      "/Users/todddrinkwater/workspace/rails_work/hangman/spec/models/guess_spec.rb": [
        1,
        null,
        1,
        6,
        null,
        6,
        6,
        null,
        1,
        6,
        null,
        1,
        2,
        null,
        1,
        1,
        null,
        null,
        null,
        1,
        2,
        null,
        1,
        1,
        null,
        null,
        null,
        1,
        2,
        null,
        1,
        1,
        null,
        null,
        null,
        1,
        2,
        null,
        1,
        1,
        null,
        null,
        null,
        1,
        2,
        null,
        1,
        1,
        1,
        null,
        null,
        null,
        null
      ],
      "/Users/todddrinkwater/workspace/rails_work/hangman/app/models/guess.rb": [
        1,
        1,
        null,
        1,
        null,
        null,
        null,
        null,
        null,
        1,
        null,
        1,
        null,
        1,
        35,
        null,
        null,
        null
      ],
      "/Users/todddrinkwater/workspace/rails_work/hangman/spec/routing/games_routing_spec.rb": [
        1,
        null,
        null,
        null,
        1,
        null,
        null,
        null,
        null,
        null,
        null,
        null,
        null,
        null,
        null,
        null,
        null,
        null,
        null,
        null,
        null,
        null,
        null,
        null,
        null,
        null,
        null,
        null,
        null,
        null,
        null,
        null,
        null,
        null,
        null,
        null,
        null
      ]
    },
    "timestamp": 1511400006
  },
  "Cucumber Features": {
    "coverage": {
      "/Users/todddrinkwater/workspace/rails_work/hangman/config/environment.rb": [
        null,
        1,
        null,
        null,
        1
      ],
      "/Users/todddrinkwater/workspace/rails_work/hangman/config/application.rb": [
        1,
        null,
        1,
        null,
        1,
        1,
        1,
        1,
        1,
        1,
        1,
        1,
        null,
        null,
        null,
        null,
        1,
        null,
        1,
        1,
        null,
        1,
        null,
        null,
        null,
        null,
        null,
        null,
        1,
        null,
        null
      ],
      "/Users/todddrinkwater/workspace/rails_work/hangman/config/boot.rb": [
        1,
        null,
        1
      ],
      "/Users/todddrinkwater/workspace/rails_work/hangman/config/environments/test.rb": [
        1,
        null,
        null,
        null,
        null,
        null,
        null,
        1,
        null,
        null,
        null,
        null,
        1,
        null,
        null,
        1,
        1,
        null,
        null,
        null,
        null,
        1,
        1,
        null,
        null,
        1,
        null,
        null,
        1,
        1,
        null,
        null,
        null,
        null,
        1,
        null,
        null,
        1,
        null,
        null,
        null,
        null
      ],
      "/Users/todddrinkwater/workspace/rails_work/hangman/config/initializers/application_controller_renderer.rb": [
        null,
        null,
        null,
        null,
        null,
        null,
        null,
        null
      ],
      "/Users/todddrinkwater/workspace/rails_work/hangman/config/initializers/assets.rb": [
        null,
        null,
        null,
        1,
        null,
        null,
        null,
        null,
        1,
        null,
        null,
        null,
        null,
        null
      ],
      "/Users/todddrinkwater/workspace/rails_work/hangman/config/initializers/backtrace_silencers.rb": [
        null,
        null,
        null,
        null,
        null,
        null,
        null
      ],
      "/Users/todddrinkwater/workspace/rails_work/hangman/config/initializers/cookies_serializer.rb": [
        null,
        null,
        null,
        null,
        1
      ],
      "/Users/todddrinkwater/workspace/rails_work/hangman/config/initializers/filter_parameter_logging.rb": [
        null,
        null,
        null,
        1
      ],
      "/Users/todddrinkwater/workspace/rails_work/hangman/config/initializers/inflections.rb": [
        null,
        null,
        null,
        null,
        null,
        null,
        null,
        null,
        null,
        null,
        null,
        null,
        null,
        null,
        null,
        null
      ],
      "/Users/todddrinkwater/workspace/rails_work/hangman/config/initializers/mime_types.rb": [
        null,
        null,
        null,
        null
      ],
      "/Users/todddrinkwater/workspace/rails_work/hangman/config/initializers/wrap_parameters.rb": [
        null,
        null,
        null,
        null,
        null,
        null,
        1,
        2,
        null,
        null,
        null,
        null,
        null,
        null
      ],
      "/Users/todddrinkwater/workspace/rails_work/hangman/config/routes.rb": [
        1,
        null,
        1,
        1,
        null,
        null,
        1,
        null
      ],
      "/Users/todddrinkwater/workspace/rails_work/hangman/features/step_definitions/game_steps.rb": [
        null,
        null,
        null,
        1,
        6,
        6,
        null,
        null,
        1,
        1,
        null,
        null,
        1,
        1,
        null,
        null,
        1,
        1,
        null,
        null,
        1,
        1,
        1,
        null,
        null,
        1,
        1,
        null,
        null,
        1,
        1,
        null,
        null,
        1,
        1,
        1,
        null,
        null,
        1,
        1,
        null,
        null,
        1,
        1,
        null,
        null,
        1,
        1,
        1,
        1,
        1,
        null,
        null,
        null,
        1,
        1,
        null,
        null,
        1,
        1,
        1,
        7,
        7,
        null,
        null,
        null,
        1,
        1,
        null,
        null,
        1,
        1,
        null,
        null,
        1,
        1,
        1,
        7,
        7,
        null,
        null,
        null,
        1,
        1,
        null
      ],
      "/Users/todddrinkwater/workspace/rails_work/hangman/features/step_definitions/start_page_steps.rb": [
        1,
        1,
        null,
        null,
        1,
        1,
        null,
        null,
        1,
        1,
        null,
        null,
        1,
        1,
        null
      ],
      "/Users/todddrinkwater/workspace/rails_work/hangman/app/models/game.rb": [
        1,
        1,
        1,
        1,
        1,
        1,
        null,
        1,
        47,
        null,
        null,
        1,
        23,
        null,
        23,
        null,
        null,
        1,
        69,
        null,
        69,
        null,
        null,
        1,
        23,
        null,
        null,
        1,
        25,
        null,
        null,
        1,
        267,
        null,
        null,
        1,
        220,
        null,
        null,
        1,
        null,
        1,
        6,
        null,
        null,
        null,
        null,
        null,
        null,
        null,
        null,
        null,
        null
      ],
      "/Users/todddrinkwater/workspace/rails_work/hangman/app/models/application_record.rb": [
        1,
        1,
        null
      ],
      "/Users/todddrinkwater/workspace/rails_work/hangman/app/controllers/games_controller.rb": [
        1,
        null,
        1,
        null,
        null,
        1,
        0,
        null,
        null,
        1,
        0,
        null,
        0,
        0,
        null,
        0,
        null,
        null,
        null,
        1,
        23,
        23,
        null,
        null,
        1,
        null,
        1,
        0,
        null,
        null
      ],
      "/Users/todddrinkwater/workspace/rails_work/hangman/app/controllers/application_controller.rb": [
        1,
        1,
        null,
        null
      ],
      "/Users/todddrinkwater/workspace/rails_work/hangman/app/helpers/application_helper.rb": [
        1,
        null
      ],
      "/Users/todddrinkwater/workspace/rails_work/hangman/app/helpers/game_helper.rb": [
        1,
        1,
        220,
        null,
        null
      ],
      "/Users/todddrinkwater/workspace/rails_work/hangman/app/helpers/guess_helper.rb": [
        1,
        null
      ],
      "/Users/todddrinkwater/workspace/rails_work/hangman/app/helpers/start_helper.rb": [
        1,
        null
      ],
      "/Users/todddrinkwater/workspace/rails_work/hangman/app/models/guess.rb": [
        1,
        1,
        null,
        1,
        null,
        null,
        null,
        null,
        null,
        1,
        null,
        1,
        null,
        1,
        17,
        null,
        null,
        null
      ],
      "/Users/todddrinkwater/workspace/rails_work/hangman/app/controllers/guesses_controller.rb": [
        1,
        1,
        0,
        null,
        0,
        null,
        null,
        1,
        18,
        18,
        18,
        null,
        18,
        null,
        17,
        null,
        1,
        1,
        null,
        null,
        null,
        1,
        null,
        1,
        18,
        null,
        null,
        null,
        null,
        null
      ]
    },
    "timestamp": 1511401435
  }
}
